# JRE version: OpenJDK Runtime Environment Microsoft-8902769 (17.0.10+7) (build 17.0.10+7-LTS)
# Java VM: OpenJDK 64-Bit Server VM Microsoft-8902769 (17.0.10+7-LTS, mixed mode, sharing, tiered, compressed oops, compressed class ptrs, g1 gc, windows-amd64)
GC Precious Log:
 CPUs: 4 total, 4 available
 Memory: 8087M
 Large Page Support: Disabled
 NUMA Support: Disabled
 Compressed Oops: Enabled (32-bit)
 Heap Region Size: 1M
 Heap Min Capacity: 8M
 Heap Initial Capacity: 128M
 Heap Max Capacity: 2G
 Pre-touch: Disabled
 Parallel Workers: 4
 Concurrent Workers: 1
 Concurrent Refinement Workers: 4
 Periodic GC: Disabled
Heap:
 garbage-first heap   total 181248K, used 95471K [0x0000000080000000, 0x0000000100000000)
  region size 1024K, 7 young (7168K), 4 survivors (4096K)
 Metaspace       used 82292K, committed 83136K, reserved 557056K
  class space    used 11522K, committed 11904K, reserved 425984K
GC Heap History (20 events):
Event: 33.940 GC heap before
{Heap before GC invocations=35 (full 0):
 garbage-first heap   total 139264K, used 109028K [0x0000000080000000, 0x0000000100000000)
  region size 1024K, 41 young (41984K), 1 survivors (1024K)
 Metaspace       used 67838K, committed 68544K, reserved 491520K
  class space    used 9685K, committed 10048K, reserved 425984K
}
Event: 33.945 GC heap after
{Heap after GC invocations=36 (full 0):
 garbage-first heap   total 139264K, used 71755K [0x0000000080000000, 0x0000000100000000)
  region size 1024K, 5 young (5120K), 5 survivors (5120K)
 Metaspace       used 67838K, committed 68544K, reserved 491520K
  class space    used 9685K, committed 10048K, reserved 425984K
}
Event: 35.379 GC heap before
{Heap before GC invocations=37 (full 0):
 garbage-first heap   total 139264K, used 114763K [0x0000000080000000, 0x0000000100000000)
  region size 1024K, 42 young (43008K), 5 survivors (5120K)
 Metaspace       used 69912K, committed 70656K, reserved 491520K
  class space    used 9944K, committed 10304K, reserved 425984K
}
Event: 35.387 GC heap after
{Heap after GC invocations=38 (full 0):
 garbage-first heap   total 139264K, used 81105K [0x0000000080000000, 0x0000000100000000)
  region size 1024K, 6 young (6144K), 6 survivors (6144K)
 Metaspace       used 69912K, committed 70656K, reserved 491520K
  class space    used 9944K, committed 10304K, reserved 425984K
}
Event: 35.448 GC heap before
{Heap before GC invocations=38 (full 0):
 garbage-first heap   total 139264K, used 81105K [0x0000000080000000, 0x0000000100000000)
  region size 1024K, 7 young (7168K), 6 survivors (6144K)
 Metaspace       used 69989K, committed 70720K, reserved 491520K
  class space    used 9953K, committed 10304K, reserved 425984K
}
Event: 35.452 GC heap after
{Heap after GC invocations=39 (full 0):
 garbage-first heap   total 139264K, used 81650K [0x0000000080000000, 0x0000000100000000)
  region size 1024K, 1 young (1024K), 1 survivors (1024K)
 Metaspace       used 69989K, committed 70720K, reserved 491520K
  class space    used 9953K, committed 10304K, reserved 425984K
}
Event: 36.764 GC heap before
{Heap before GC invocations=39 (full 0):
 garbage-first heap   total 139264K, used 111346K [0x0000000080000000, 0x0000000100000000)
  region size 1024K, 31 young (31744K), 1 survivors (1024K)
 Metaspace       used 72529K, committed 73280K, reserved 491520K
  class space    used 10233K, committed 10624K, reserved 425984K
}
Event: 36.767 GC heap after
{Heap after GC invocations=40 (full 0):
 garbage-first heap   total 139264K, used 82443K [0x0000000080000000, 0x0000000100000000)
  region size 1024K, 2 young (2048K), 2 survivors (2048K)
 Metaspace       used 72529K, committed 73280K, reserved 491520K
  class space    used 10233K, committed 10624K, reserved 425984K
}
Event: 37.775 GC heap before
{Heap before GC invocations=40 (full 0):
 garbage-first heap   total 139264K, used 119307K [0x0000000080000000, 0x0000000100000000)
  region size 1024K, 32 young (32768K), 2 survivors (2048K)
 Metaspace       used 74800K, committed 75584K, reserved 491520K
  class space    used 10500K, committed 10880K, reserved 425984K
}
Event: 37.783 GC heap after
{Heap after GC invocations=41 (full 0):
 garbage-first heap   total 139264K, used 86233K [0x0000000080000000, 0x0000000100000000)
  region size 1024K, 4 young (4096K), 4 survivors (4096K)
 Metaspace       used 74800K, committed 75584K, reserved 491520K
  class space    used 10500K, committed 10880K, reserved 425984K
}
Event: 38.274 GC heap before
{Heap before GC invocations=41 (full 0):
 garbage-first heap   total 139264K, used 114905K [0x0000000080000000, 0x0000000100000000)
  region size 1024K, 32 young (32768K), 4 survivors (4096K)
 Metaspace       used 76773K, committed 77568K, reserved 557056K
  class space    used 10763K, committed 11136K, reserved 425984K
}
Event: 38.279 GC heap after
{Heap after GC invocations=42 (full 0):
 garbage-first heap   total 139264K, used 87863K [0x0000000080000000, 0x0000000100000000)
  region size 1024K, 2 young (2048K), 2 survivors (2048K)
 Metaspace       used 76773K, committed 77568K, reserved 557056K
  class space    used 10763K, committed 11136K, reserved 425984K
}
Event: 38.784 GC heap before
{Heap before GC invocations=42 (full 0):
 garbage-first heap   total 139264K, used 115511K [0x0000000080000000, 0x0000000100000000)
  region size 1024K, 29 young (29696K), 2 survivors (2048K)
 Metaspace       used 78833K, committed 79680K, reserved 557056K
  class space    used 11053K, committed 11456K, reserved 425984K
}
Event: 38.787 GC heap after
{Heap after GC invocations=43 (full 0):
 garbage-first heap   total 139264K, used 88814K [0x0000000080000000, 0x0000000100000000)
  region size 1024K, 3 young (3072K), 3 survivors (3072K)
 Metaspace       used 78833K, committed 79680K, reserved 557056K
  class space    used 11053K, committed 11456K, reserved 425984K
}
Event: 39.537 GC heap before
{Heap before GC invocations=43 (full 0):
 garbage-first heap   total 139264K, used 116462K [0x0000000080000000, 0x0000000100000000)
  region size 1024K, 30 young (30720K), 3 survivors (3072K)
 Metaspace       used 80807K, committed 81600K, reserved 557056K
  class space    used 11316K, committed 11712K, reserved 425984K
}
Event: 39.542 GC heap after
{Heap after GC invocations=44 (full 0):
 garbage-first heap   total 139264K, used 89869K [0x0000000080000000, 0x0000000100000000)
  region size 1024K, 3 young (3072K), 3 survivors (3072K)
 Metaspace       used 80807K, committed 81600K, reserved 557056K
  class space    used 11316K, committed 11712K, reserved 425984K
}
Event: 39.980 GC heap before
{Heap before GC invocations=44 (full 0):
 garbage-first heap   total 139264K, used 117517K [0x0000000080000000, 0x0000000100000000)
  region size 1024K, 30 young (30720K), 3 survivors (3072K)
 Metaspace       used 82181K, committed 83008K, reserved 557056K
  class space    used 11513K, committed 11904K, reserved 425984K
}
Event: 39.988 GC heap after
{Heap after GC invocations=45 (full 0):
 garbage-first heap   total 139264K, used 91690K [0x0000000080000000, 0x0000000100000000)
  region size 1024K, 4 young (4096K), 4 survivors (4096K)
 Metaspace       used 82181K, committed 83008K, reserved 557056K
  class space    used 11513K, committed 11904K, reserved 425984K
}
Event: 40.242 GC heap before
{Heap before GC invocations=45 (full 0):
 garbage-first heap   total 139264K, used 118314K [0x0000000080000000, 0x0000000100000000)
  region size 1024K, 30 young (30720K), 4 survivors (4096K)
 Metaspace       used 82259K, committed 83008K, reserved 557056K
  class space    used 11519K, committed 11904K, reserved 425984K
}
Event: 40.248 GC heap after
{Heap after GC invocations=46 (full 0):
 garbage-first heap   total 181248K, used 93423K [0x0000000080000000, 0x0000000100000000)
  region size 1024K, 4 young (4096K), 4 survivors (4096K)
 Metaspace       used 82259K, committed 83008K, reserved 557056K
  class space    used 11519K, committed 11904K, reserved 425984K
}

