# JRE version: OpenJDK Runtime Environment Microsoft-8902769 (17.0.10+7) (build 17.0.10+7-LTS)
# Java VM: OpenJDK 64-Bit Server VM Microsoft-8902769 (17.0.10+7-LTS, mixed mode, sharing, tiered, compressed oops, compressed class ptrs, g1 gc, windows-amd64)
GC Precious Log:
 CPUs: 4 total, 4 available
 Memory: 8087M
 Large Page Support: Disabled
 NUMA Support: Disabled
 Compressed Oops: Enabled (32-bit)
 Heap Region Size: 1M
 Heap Min Capacity: 8M
 Heap Initial Capacity: 128M
 Heap Max Capacity: 2G
 Pre-touch: Disabled
 Parallel Workers: 4
 Concurrent Workers: 1
 Concurrent Refinement Workers: 4
 Periodic GC: Disabled
Heap:
 garbage-first heap   total 254976K, used 210330K [0x0000000080000000, 0x0000000100000000)
  region size 1024K, 35 young (35840K), 4 survivors (4096K)
 Metaspace       used 106050K, committed 107136K, reserved 557056K
  class space    used 14679K, committed 15232K, reserved 425984K
GC Heap History (20 events):
Event: 1149.190 GC heap before
{Heap before GC invocations=61 (full 0):
 garbage-first heap   total 209920K, used 180189K [0x0000000080000000, 0x0000000100000000)
  region size 1024K, 27 young (27648K), 3 survivors (3072K)
 Metaspace       used 104384K, committed 105408K, reserved 557056K
  class space    used 14510K, committed 15040K, reserved 425984K
}
Event: 1149.199 GC heap after
{Heap after GC invocations=62 (full 0):
 garbage-first heap   total 209920K, used 157823K [0x0000000080000000, 0x0000000100000000)
  region size 1024K, 4 young (4096K), 4 survivors (4096K)
 Metaspace       used 104384K, committed 105408K, reserved 557056K
  class space    used 14510K, committed 15040K, reserved 425984K
}
Event: 1149.815 GC heap before
{Heap before GC invocations=62 (full 0):
 garbage-first heap   total 209920K, used 180351K [0x0000000080000000, 0x0000000100000000)
  region size 1024K, 26 young (26624K), 4 survivors (4096K)
 Metaspace       used 104739K, committed 105792K, reserved 557056K
  class space    used 14541K, committed 15040K, reserved 425984K
}
Event: 1149.849 GC heap after
{Heap after GC invocations=63 (full 0):
 garbage-first heap   total 209920K, used 160415K [0x0000000080000000, 0x0000000100000000)
  region size 1024K, 3 young (3072K), 3 survivors (3072K)
 Metaspace       used 104739K, committed 105792K, reserved 557056K
  class space    used 14541K, committed 15040K, reserved 425984K
}
Event: 1150.362 GC heap before
{Heap before GC invocations=63 (full 0):
 garbage-first heap   total 209920K, used 179871K [0x0000000080000000, 0x0000000100000000)
  region size 1024K, 23 young (23552K), 3 survivors (3072K)
 Metaspace       used 105112K, committed 106176K, reserved 557056K
  class space    used 14585K, committed 15104K, reserved 425984K
}
Event: 1150.384 GC heap after
{Heap after GC invocations=64 (full 0):
 garbage-first heap   total 254976K, used 163453K [0x0000000080000000, 0x0000000100000000)
  region size 1024K, 3 young (3072K), 3 survivors (3072K)
 Metaspace       used 105112K, committed 106176K, reserved 557056K
  class space    used 14585K, committed 15104K, reserved 425984K
}
Event: 1152.928 GC heap before
{Heap before GC invocations=64 (full 0):
 garbage-first heap   total 254976K, used 211581K [0x0000000080000000, 0x0000000100000000)
  region size 1024K, 51 young (52224K), 3 survivors (3072K)
 Metaspace       used 105452K, committed 106560K, reserved 557056K
  class space    used 14628K, committed 15168K, reserved 425984K
}
Event: 1152.939 GC heap after
{Heap after GC invocations=65 (full 0):
 garbage-first heap   total 254976K, used 167371K [0x0000000080000000, 0x0000000100000000)
  region size 1024K, 7 young (7168K), 7 survivors (7168K)
 Metaspace       used 105452K, committed 106560K, reserved 557056K
  class space    used 14628K, committed 15168K, reserved 425984K
}
Event: 1154.715 GC heap before
{Heap before GC invocations=65 (full 0):
 garbage-first heap   total 254976K, used 213451K [0x0000000080000000, 0x0000000100000000)
  region size 1024K, 53 young (54272K), 7 survivors (7168K)
 Metaspace       used 105457K, committed 106560K, reserved 557056K
  class space    used 14629K, committed 15168K, reserved 425984K
}
Event: 1154.728 GC heap after
{Heap after GC invocations=66 (full 0):
 garbage-first heap   total 254976K, used 170363K [0x0000000080000000, 0x0000000100000000)
  region size 1024K, 4 young (4096K), 4 survivors (4096K)
 Metaspace       used 105457K, committed 106560K, reserved 557056K
  class space    used 14629K, committed 15168K, reserved 425984K
}
Event: 1155.567 GC heap before
{Heap before GC invocations=66 (full 0):
 garbage-first heap   total 254976K, used 214395K [0x0000000080000000, 0x0000000100000000)
  region size 1024K, 48 young (49152K), 4 survivors (4096K)
 Metaspace       used 105465K, committed 106560K, reserved 557056K
  class space    used 14629K, committed 15168K, reserved 425984K
}
Event: 1155.572 GC heap after
{Heap after GC invocations=67 (full 0):
 garbage-first heap   total 254976K, used 172297K [0x0000000080000000, 0x0000000100000000)
  region size 1024K, 6 young (6144K), 6 survivors (6144K)
 Metaspace       used 105465K, committed 106560K, reserved 557056K
  class space    used 14629K, committed 15168K, reserved 425984K
}
Event: 1156.603 GC heap before
{Heap before GC invocations=67 (full 0):
 garbage-first heap   total 254976K, used 216329K [0x0000000080000000, 0x0000000100000000)
  region size 1024K, 50 young (51200K), 6 survivors (6144K)
 Metaspace       used 105552K, committed 106624K, reserved 557056K
  class space    used 14632K, committed 15168K, reserved 425984K
}
Event: 1156.611 GC heap after
{Heap after GC invocations=68 (full 0):
 garbage-first heap   total 254976K, used 174796K [0x0000000080000000, 0x0000000100000000)
  region size 1024K, 5 young (5120K), 5 survivors (5120K)
 Metaspace       used 105552K, committed 106624K, reserved 557056K
  class space    used 14632K, committed 15168K, reserved 425984K
}
Event: 1158.259 GC heap before
{Heap before GC invocations=68 (full 0):
 garbage-first heap   total 254976K, used 218828K [0x0000000080000000, 0x0000000100000000)
  region size 1024K, 49 young (50176K), 5 survivors (5120K)
 Metaspace       used 105701K, committed 106752K, reserved 557056K
  class space    used 14647K, committed 15168K, reserved 425984K
}
Event: 1158.268 GC heap after
{Heap after GC invocations=69 (full 0):
 garbage-first heap   total 254976K, used 177032K [0x0000000080000000, 0x0000000100000000)
  region size 1024K, 5 young (5120K), 5 survivors (5120K)
 Metaspace       used 105701K, committed 106752K, reserved 557056K
  class space    used 14647K, committed 15168K, reserved 425984K
}
Event: 1159.682 GC heap before
{Heap before GC invocations=69 (full 0):
 garbage-first heap   total 254976K, used 219016K [0x0000000080000000, 0x0000000100000000)
  region size 1024K, 47 young (48128K), 5 survivors (5120K)
 Metaspace       used 105849K, committed 106880K, reserved 557056K
  class space    used 14658K, committed 15168K, reserved 425984K
}
Event: 1159.690 GC heap after
{Heap after GC invocations=70 (full 0):
 garbage-first heap   total 254976K, used 179195K [0x0000000080000000, 0x0000000100000000)
  region size 1024K, 5 young (5120K), 5 survivors (5120K)
 Metaspace       used 105849K, committed 106880K, reserved 557056K
  class space    used 14658K, committed 15168K, reserved 425984K
}
Event: 1160.930 GC heap before
{Heap before GC invocations=70 (full 0):
 garbage-first heap   total 254976K, used 219131K [0x0000000080000000, 0x0000000100000000)
  region size 1024K, 45 young (46080K), 5 survivors (5120K)
 Metaspace       used 105945K, committed 106944K, reserved 557056K
  class space    used 14666K, committed 15168K, reserved 425984K
}
Event: 1160.939 GC heap after
{Heap after GC invocations=71 (full 0):
 garbage-first heap   total 254976K, used 180634K [0x0000000080000000, 0x0000000100000000)
  region size 1024K, 4 young (4096K), 4 survivors (4096K)
 Metaspace       used 105945K, committed 106944K, reserved 557056K
  class space    used 14666K, committed 15168K, reserved 425984K
}

